\BOOKMARK [0][-]{chapter.1}{Introduction}{}% 1
\BOOKMARK [1][-]{section.1.1}{Purpose}{chapter.1}% 2
\BOOKMARK [1][-]{section.1.2}{Scope}{chapter.1}% 3
\BOOKMARK [1][-]{section.1.3}{Definitions, Acronyms, Abbreviations}{chapter.1}% 4
\BOOKMARK [2][-]{subsection.1.3.1}{Definitions}{section.1.3}% 5
\BOOKMARK [2][-]{subsection.1.3.2}{Acronyms}{section.1.3}% 6
\BOOKMARK [2][-]{subsection.1.3.3}{Abbreviations}{section.1.3}% 7
\BOOKMARK [1][-]{section.1.4}{Revision history}{chapter.1}% 8
\BOOKMARK [1][-]{section.1.5}{Reference Documents}{chapter.1}% 9
\BOOKMARK [1][-]{section.1.6}{Document Structure}{chapter.1}% 10
\BOOKMARK [0][-]{chapter.2}{Architectural design}{}% 11
\BOOKMARK [1][-]{section.2.1}{Overview: High-level components and their interaction}{chapter.2}% 12
\BOOKMARK [1][-]{section.2.2}{Component view}{chapter.2}% 13
\BOOKMARK [1][-]{section.2.3}{Deployment view}{chapter.2}% 14
\BOOKMARK [1][-]{section.2.4}{Run-time view}{chapter.2}% 15
\BOOKMARK [2][-]{subsection.2.4.1}{Synchronization}{section.2.4}% 16
\BOOKMARK [2][-]{subsection.2.4.2}{Request data regarding a group of people}{section.2.4}% 17
\BOOKMARK [2][-]{subsection.2.4.3}{Request data regarding a particular user by providing his/her UUID}{section.2.4}% 18
\BOOKMARK [1][-]{section.2.5}{Component interface}{chapter.2}% 19
\BOOKMARK [1][-]{section.2.6}{Selected architectural styles and patterns}{chapter.2}% 20
\BOOKMARK [2][-]{subsection.2.6.1}{Design Patterns}{section.2.6}% 21
\BOOKMARK [1][-]{section.2.7}{Other design decisions}{chapter.2}% 22
\BOOKMARK [0][-]{chapter.3}{User interface design}{}% 23
\BOOKMARK [1][-]{section.3.1}{Interface mockups}{chapter.3}% 24
\BOOKMARK [1][-]{section.3.2}{UX Diagrams}{chapter.3}% 25
\BOOKMARK [2][-]{subsection.3.2.1}{Mobile application}{section.3.2}% 26
\BOOKMARK [2][-]{subsection.3.2.2}{Web application}{section.3.2}% 27
\BOOKMARK [0][-]{chapter.4}{Requirements traceability}{}% 28
\BOOKMARK [0][-]{chapter.5}{Implementation, integration and test plan}{}% 29
\BOOKMARK [1][-]{section.5.1}{Implementation plan}{chapter.5}% 30
\BOOKMARK [1][-]{section.5.2}{Integration and testing}{chapter.5}% 31
\BOOKMARK [2][-]{subsection.5.2.1}{Entry criteria}{section.5.2}% 32
\BOOKMARK [2][-]{subsection.5.2.2}{Elements to be integrated}{section.5.2}% 33
\BOOKMARK [2][-]{subsection.5.2.3}{Integration testing strategy}{section.5.2}% 34
\BOOKMARK [2][-]{subsection.5.2.4}{Sequence of component/function integration}{section.5.2}% 35
\BOOKMARK [0][-]{chapter.6}{Effort spent}{}% 36
