\BOOKMARK [1][-]{section.1}{Introduction}{}% 1
\BOOKMARK [2][-]{subsection.1.1}{Purpose}{section.1}% 2
\BOOKMARK [3][-]{subsubsection.1.1.1}{General Purpose}{subsection.1.1}% 3
\BOOKMARK [3][-]{subsubsection.1.1.2}{Goals}{subsection.1.1}% 4
\BOOKMARK [2][-]{subsection.1.2}{Scope}{section.1}% 5
\BOOKMARK [2][-]{subsection.1.3}{Definitions, Acronyms, Abbreviations}{section.1}% 6
\BOOKMARK [3][-]{subsubsection.1.3.1}{Definitions}{subsection.1.3}% 7
\BOOKMARK [3][-]{subsubsection.1.3.2}{Acronym}{subsection.1.3}% 8
\BOOKMARK [3][-]{subsubsection.1.3.3}{Abbreviations}{subsection.1.3}% 9
\BOOKMARK [2][-]{subsection.1.4}{Revision History}{section.1}% 10
\BOOKMARK [2][-]{subsection.1.5}{Reference Documents}{section.1}% 11
\BOOKMARK [2][-]{subsection.1.6}{Document Structure}{section.1}% 12
\BOOKMARK [1][-]{section.2}{Overall Description}{}% 13
\BOOKMARK [2][-]{subsection.2.1}{Product Perspective}{section.2}% 14
\BOOKMARK [2][-]{subsection.2.2}{Product Functions}{section.2}% 15
\BOOKMARK [3][-]{subsubsection.2.2.1}{Reporting traffic violations}{subsection.2.2}% 16
\BOOKMARK [3][-]{subsubsection.2.2.2}{Police Officer - Reporting Management \(APP\)}{subsection.2.2}% 17
\BOOKMARK [3][-]{subsubsection.2.2.3}{Police Officer - Reporting Management \(WEB\)}{subsection.2.2}% 18
\BOOKMARK [3][-]{subsubsection.2.2.4}{Municipal Employee - Interventions Management}{subsection.2.2}% 19
\BOOKMARK [3][-]{subsubsection.2.2.5}{Municipal Director - Statistics analysis}{subsection.2.2}% 20
\BOOKMARK [2][-]{subsection.2.3}{User characteristics}{section.2}% 21
\BOOKMARK [2][-]{subsection.2.4}{Assumptions, dependencies and constraints}{section.2}% 22
\BOOKMARK [3][-]{subsubsection.2.4.1}{Assumptions}{subsection.2.4}% 23
\BOOKMARK [3][-]{subsubsection.2.4.2}{Dependencies}{subsection.2.4}% 24
\BOOKMARK [3][-]{subsubsection.2.4.3}{Constraints}{subsection.2.4}% 25
\BOOKMARK [1][-]{section.3}{Specific Requirements}{}% 26
\BOOKMARK [2][-]{subsection.3.1}{External Interface Requirements}{section.3}% 27
\BOOKMARK [3][-]{subsubsection.3.1.1}{User Interfaces}{subsection.3.1}% 28
\BOOKMARK [3][-]{subsubsection.3.1.2}{Hardware Interfaces}{subsection.3.1}% 29
\BOOKMARK [3][-]{subsubsection.3.1.3}{Software Interfaces}{subsection.3.1}% 30
\BOOKMARK [3][-]{subsubsection.3.1.4}{Communication Interfaces}{subsection.3.1}% 31
\BOOKMARK [2][-]{subsection.3.2}{Functional requirements}{section.3}% 32
\BOOKMARK [3][-]{subsubsection.3.2.1}{User}{subsection.3.2}% 33
\BOOKMARK [3][-]{subsubsection.3.2.2}{Authorithy user}{subsection.3.2}% 34
\BOOKMARK [2][-]{subsection.3.3}{Performance requirements}{section.3}% 35
\BOOKMARK [2][-]{subsection.3.4}{Design Constraints}{section.3}% 36
\BOOKMARK [3][-]{subsubsection.3.4.1}{Standars compliance}{subsection.3.4}% 37
\BOOKMARK [3][-]{subsubsection.3.4.2}{Hardware Limitations}{subsection.3.4}% 38
\BOOKMARK [2][-]{subsection.3.5}{Software System Attributes}{section.3}% 39
\BOOKMARK [3][-]{subsubsection.3.5.1}{Reliability}{subsection.3.5}% 40
\BOOKMARK [3][-]{subsubsection.3.5.2}{Availability}{subsection.3.5}% 41
\BOOKMARK [3][-]{subsubsection.3.5.3}{Security}{subsection.3.5}% 42
\BOOKMARK [3][-]{subsubsection.3.5.4}{Mantainability}{subsection.3.5}% 43
\BOOKMARK [3][-]{subsubsection.3.5.5}{Portability}{subsection.3.5}% 44
\BOOKMARK [1][-]{section.4}{Formal Analysis using Alloy}{}% 45
\BOOKMARK [1][-]{section.5}{Effort spent}{}% 46
