This is pdfTeX, Version 3.14159265-2.6-1.40.20 (TeX Live 2019/W32TeX) (preloaded format=pdflatex 2019.10.21)  3 NOV 2019 17:26
entering extended mode
 restricted \write18 enabled.
 file:line:error style messages enabled.
 %&-line parsing enabled.
**"c:/Users/marco/OneDrive/94. OneNote/Git/SoftwareEngeneering2/PremiSicilianoTaddeo/RASD Working Folder/PremiSicilianoTaddeo/RASD Working Folder/Rasd.tex"
(c:/Users/marco/OneDrive/94. OneNote/Git/SoftwareEngeneering2/PremiSicilianoTaddeo/RASD Working Folder/PremiSicilianoTaddeo/RASD Working Folder/Rasd.tex
LaTeX2e <2019-10-01> patch level 1
(c:/texlive/2019/texmf-dist/tex/latex/base/article.cls
Document Class: article 2019/08/27 v1.4j Standard LaTeX document class
(c:/texlive/2019/texmf-dist/tex/latex/base/size10.clo
File: size10.clo 2019/08/27 v1.4j Standard LaTeX file (size option)
)
\c@part=\count80
\c@section=\count81
\c@subsection=\count82
\c@subsubsection=\count83
\c@paragraph=\count84
\c@subparagraph=\count85
\c@figure=\count86
\c@table=\count87
\abovecaptionskip=\skip41
\belowcaptionskip=\skip42
\bibindent=\dimen102
) (c:/texlive/2019/texmf-dist/tex/latex/l3packages/xparse/xparse.sty (c:/texlive/2019/texmf-dist/tex/latex/l3kernel/expl3.sty
Package: expl3 2019-10-14 L3 programming layer (loader) 
 (c:/texlive/2019/texmf-dist/tex/latex/l3kernel/expl3-code.tex
Package: expl3 2019-10-14 L3 programming layer (code)
\c_max_int=\count88
\l_tmpa_int=\count89
\l_tmpb_int=\count90
\g_tmpa_int=\count91
\g_tmpb_int=\count92
\l__seq_internal_a_int=\count93
\l__seq_internal_b_int=\count94
\g__kernel_prg_map_int=\count95
\c__ior_term_noprompt_ior=\count96
\c_log_iow=\count97
\l_iow_line_count_int=\count98
\l__iow_line_target_int=\count99
\l__iow_one_indent_int=\count100
\l__iow_indent_int=\count101
\c_zero_dim=\dimen103
\c_max_dim=\dimen104
\l_tmpa_dim=\dimen105
\l_tmpb_dim=\dimen106
\g_tmpa_dim=\dimen107
\g_tmpb_dim=\dimen108
\c_zero_skip=\skip43
\c_max_skip=\skip44
\l_tmpa_skip=\skip45
\l_tmpb_skip=\skip46
\g_tmpa_skip=\skip47
\g_tmpb_skip=\skip48
\c_zero_muskip=\muskip10
\c_max_muskip=\muskip11
\l_tmpa_muskip=\muskip12
\l_tmpb_muskip=\muskip13
\g_tmpa_muskip=\muskip14
\g_tmpb_muskip=\muskip15
\l_keys_choice_int=\count102
\l__intarray_loop_int=\count103
\c__intarray_sp_dim=\dimen109
\g__intarray_font_int=\count104
\c__fp_leading_shift_int=\count105
\c__fp_middle_shift_int=\count106
\c__fp_trailing_shift_int=\count107
\c__fp_big_leading_shift_int=\count108
\c__fp_big_middle_shift_int=\count109
\c__fp_big_trailing_shift_int=\count110
\c__fp_Bigg_leading_shift_int=\count111
\c__fp_Bigg_middle_shift_int=\count112
\c__fp_Bigg_trailing_shift_int=\count113
\c__kernel_randint_max_int=\count114
\g__fp_array_int=\count115
\l__fp_array_loop_int=\count116
\l__sort_length_int=\count117
\l__sort_min_int=\count118
\l__sort_top_int=\count119
\l__sort_max_int=\count120
\l__sort_true_max_int=\count121
\l__sort_block_int=\count122
\l__sort_begin_int=\count123
\l__sort_end_int=\count124
\l__sort_A_int=\count125
\l__sort_B_int=\count126
\l__sort_C_int=\count127
\l__str_internal_int=\count128
\c__str_replacement_char_int=\count129
\l__tl_analysis_normal_int=\count130
\l__tl_analysis_index_int=\count131
\l__tl_analysis_nesting_int=\count132
\l__tl_analysis_type_int=\count133
\l__regex_internal_a_int=\count134
\l__regex_internal_b_int=\count135
\l__regex_internal_c_int=\count136
\l__regex_balance_int=\count137
\l__regex_group_level_int=\count138
\l__regex_mode_int=\count139
\c__regex_cs_in_class_mode_int=\count140
\c__regex_cs_mode_int=\count141
\l__regex_catcodes_int=\count142
\l__regex_default_catcodes_int=\count143
\c__regex_catcode_D_int=\count144
\c__regex_catcode_S_int=\count145
\c__regex_catcode_L_int=\count146
\c__regex_catcode_O_int=\count147
\c__regex_catcode_A_int=\count148
\c__regex_all_catcodes_int=\count149
\l__regex_show_lines_int=\count150
\l__regex_min_state_int=\count151
\l__regex_max_state_int=\count152
\l__regex_left_state_int=\count153
\l__regex_right_state_int=\count154
\l__regex_capturing_group_int=\count155
\l__regex_min_pos_int=\count156
\l__regex_max_pos_int=\count157
\l__regex_curr_pos_int=\count158
\l__regex_start_pos_int=\count159
\l__regex_success_pos_int=\count160
\l__regex_curr_char_int=\count161
\l__regex_curr_catcode_int=\count162
\l__regex_last_char_int=\count163
\l__regex_case_changed_char_int=\count164
\l__regex_curr_state_int=\count165
\l__regex_step_int=\count166
\l__regex_min_active_int=\count167
\l__regex_max_active_int=\count168
\l__regex_replacement_csnames_int=\count169
\l__regex_match_count_int=\count170
\l__regex_min_submatch_int=\count171
\l__regex_submatch_int=\count172
\l__regex_zeroth_submatch_int=\count173
\g__regex_trace_regex_int=\count174
\c_empty_box=\box27
\l_tmpa_box=\box28
\l_tmpb_box=\box29
\g_tmpa_box=\box30
\g_tmpb_box=\box31
\l__box_top_dim=\dimen110
\l__box_bottom_dim=\dimen111
\l__box_left_dim=\dimen112
\l__box_right_dim=\dimen113
\l__box_top_new_dim=\dimen114
\l__box_bottom_new_dim=\dimen115
\l__box_left_new_dim=\dimen116
\l__box_right_new_dim=\dimen117
\l__box_internal_box=\box32
\l__coffin_internal_box=\box33
\l__coffin_internal_dim=\dimen118
\l__coffin_offset_x_dim=\dimen119
\l__coffin_offset_y_dim=\dimen120
\l__coffin_x_dim=\dimen121
\l__coffin_y_dim=\dimen122
\l__coffin_x_prime_dim=\dimen123
\l__coffin_y_prime_dim=\dimen124
\c_empty_coffin=\box34
\l__coffin_aligned_coffin=\box35
\l__coffin_aligned_internal_coffin=\box36
\l_tmpa_coffin=\box37
\l_tmpb_coffin=\box38
\g_tmpa_coffin=\box39
\g_tmpb_coffin=\box40
\l__coffin_bounding_shift_dim=\dimen125
\l__coffin_left_corner_dim=\dimen126
\l__coffin_right_corner_dim=\dimen127
\l__coffin_bottom_corner_dim=\dimen128
\l__coffin_top_corner_dim=\dimen129
\l__coffin_scaled_total_height_dim=\dimen130
\l__coffin_scaled_width_dim=\dimen131
\c__coffin_empty_coffin=\box41
\l__coffin_display_coffin=\box42
\l__coffin_display_coord_coffin=\box43
\l__coffin_display_pole_coffin=\box44
\l__coffin_display_offset_dim=\dimen132
\l__coffin_display_x_dim=\dimen133
\l__coffin_display_y_dim=\dimen134
\g__char_data_ior=\read1
 (c:/texlive/2019/texmf-dist/tex/latex/l3kernel/l3deprecation.def
File: l3deprecation.def 2019-04-06 v L3 Deprecated functions
)) (c:/texlive/2019/texmf-dist/tex/latex/l3backend/l3backend-pdfmode.def
File: l3backend-pdfmode.def 2019-04-06 L3 backend support: PDF mode
\l__kernel_color_stack_int=\count175
\l__pdf_internal_box=\box45
))
Package: xparse 2019-10-11 L3 Experimental document command parser
\l__xparse_current_arg_int=\count176
\g__xparse_grabber_int=\count177
\l__xparse_m_args_int=\count178
\l__xparse_v_nesting_int=\count179
) (c:/texlive/2019/texmf-dist/tex/latex/graphics/graphicx.sty
Package: graphicx 2017/06/01 v1.1a Enhanced LaTeX Graphics (DPC,SPQR)
 (c:/texlive/2019/texmf-dist/tex/latex/graphics/keyval.sty
Package: keyval 2014/10/28 v1.15 key=value parser (DPC)
\KV@toks@=\toks14
) (c:/texlive/2019/texmf-dist/tex/latex/graphics/graphics.sty
Package: graphics 2019/10/08 v1.3c Standard LaTeX Graphics (DPC,SPQR)
 (c:/texlive/2019/texmf-dist/tex/latex/graphics/trig.sty
Package: trig 2016/01/03 v1.10 sin cos tan (DPC)
) (c:/texlive/2019/texmf-dist/tex/latex/graphics-cfg/graphics.cfg
File: graphics.cfg 2016/06/04 v1.11 sample graphics configuration
)
Package graphics Info: Driver file: pdftex.def on input line 105.
 (c:/texlive/2019/texmf-dist/tex/latex/graphics-def/pdftex.def
File: pdftex.def 2018/01/08 v1.0l Graphics/color driver for pdftex
))
\Gin@req@height=\dimen135
\Gin@req@width=\dimen136
) (c:/texlive/2019/texmf-dist/tex/latex/float/float.sty
Package: float 2001/11/08 v1.3d Float enhancements (AL)
\c@float@type=\count180
\float@exts=\toks15
\float@box=\box46
\@float@everytoks=\toks16
\@floatcapt=\box47
) (c:/texlive/2019/texmf-dist/tex/latex/base/fontenc.sty
Package: fontenc 2018/08/11 v2.0j Standard LaTeX package
 (c:/texlive/2019/texmf-dist/tex/latex/base/t1enc.def
File: t1enc.def 2018/08/11 v2.0j Standard LaTeX file
LaTeX Font Info:    Redeclaring font encoding T1 on input line 48.
)) (c:/texlive/2019/texmf-dist/tex/latex/xcolor/xcolor.sty
Package: xcolor 2016/05/11 v2.12 LaTeX color extensions (UK)
 (c:/texlive/2019/texmf-dist/tex/latex/graphics-cfg/color.cfg
File: color.cfg 2016/01/02 v1.6 sample color configuration
)
Package xcolor Info: Driver file: pdftex.def on input line 225.
Package xcolor Info: Model `cmy' substituted by `cmy0' on input line 1348.
Package xcolor Info: Model `hsb' substituted by `rgb' on input line 1352.
Package xcolor Info: Model `RGB' extended on input line 1364.
Package xcolor Info: Model `HTML' substituted by `rgb' on input line 1366.
Package xcolor Info: Model `Hsb' substituted by `hsb' on input line 1367.
Package xcolor Info: Model `tHsb' substituted by `hsb' on input line 1368.
Package xcolor Info: Model `HSB' substituted by `hsb' on input line 1369.
Package xcolor Info: Model `Gray' substituted by `gray' on input line 1370.
Package xcolor Info: Model `wave' substituted by `hsb' on input line 1371.
 (c:/texlive/2019/texmf-dist/tex/latex/graphics/dvipsnam.def
File: dvipsnam.def 2016/06/17 v3.0m Driver-dependent file (DPC,SPQR)
)) (c:/texlive/2019/texmf-dist/tex/latex/listings/listings.sty
\lst@mode=\count181
\lst@gtempboxa=\box48
\lst@token=\toks17
\lst@length=\count182
\lst@currlwidth=\dimen137
\lst@column=\count183
\lst@pos=\count184
\lst@lostspace=\dimen138
\lst@width=\dimen139
\lst@newlines=\count185
\lst@lineno=\count186
\lst@maxwidth=\dimen140
 (c:/texlive/2019/texmf-dist/tex/latex/listings/lstmisc.sty
File: lstmisc.sty 2019/09/10 1.8c (Carsten Heinz)
\c@lstnumber=\count187
\lst@skipnumbers=\count188
\lst@framebox=\box49
) (c:/texlive/2019/texmf-dist/tex/latex/listings/listings.cfg
File: listings.cfg 2019/09/10 1.8c listings configuration
))
Package: listings 2019/09/10 1.8c (Carsten Heinz)
 (c:/Users/marco/OneDrive/94. OneNote/Git/SoftwareEngeneering2/PremiSicilianoTaddeo/RASD Working Folder/PremiSicilianoTaddeo/RASD Working Folder/alloy-style.sty) (c:/texlive/2019/texmf-dist/tex/latex/hyperref/hyperref.sty
Package: hyperref 2019/09/28 v7.00a Hypertext links for LaTeX
 (c:/texlive/2019/texmf-dist/tex/generic/oberdiek/hobsub-hyperref.sty
Package: hobsub-hyperref 2016/05/16 v1.14 Bundle oberdiek, subset hyperref (HO)
 (c:/texlive/2019/texmf-dist/tex/generic/oberdiek/hobsub-generic.sty
Package: hobsub-generic 2016/05/16 v1.14 Bundle oberdiek, subset generic (HO)
Package: hobsub 2016/05/16 v1.14 Construct package bundles (HO)
Package: infwarerr 2016/05/16 v1.4 Providing info/warning/error messages (HO)
Package: ltxcmds 2016/05/16 v1.23 LaTeX kernel commands for general use (HO)
Package: ifluatex 2016/05/16 v1.4 Provides the ifluatex switch (HO)
Package ifluatex Info: LuaTeX not detected.
Package: ifvtex 2016/05/16 v1.6 Detect VTeX and its facilities (HO)
Package ifvtex Info: VTeX not detected.
Package: intcalc 2016/05/16 v1.2 Expandable calculations with integers (HO)
Package: ifpdf 2018/09/07 v3.3 Provides the ifpdf switch
Package: etexcmds 2016/05/16 v1.6 Avoid name clashes with e-TeX commands (HO)
Package: kvsetkeys 2016/05/16 v1.17 Key value parser (HO)
Package: kvdefinekeys 2016/05/16 v1.4 Define keys (HO)
Package: pdftexcmds 2019/07/25 v0.30 Utility functions of pdfTeX for LuaTeX (HO)
Package pdftexcmds Info: LuaTeX not detected.
Package pdftexcmds Info: \pdf@primitive is available.
Package pdftexcmds Info: \pdf@ifprimitive is available.
Package pdftexcmds Info: \pdfdraftmode found.
Package: pdfescape 2016/05/16 v1.14 Implements pdfTeX's escape features (HO)
Package: bigintcalc 2016/05/16 v1.4 Expandable calculations on big integers (HO)
Package: bitset 2016/05/16 v1.2 Handle bit-vector datatype (HO)
Package: uniquecounter 2016/05/16 v1.3 Provide unlimited unique counter (HO)
)
Package hobsub Info: Skipping package `hobsub' (already loaded).
Package: letltxmacro 2016/05/16 v1.5 Let assignment for LaTeX macros (HO)
Package: hopatch 2016/05/16 v1.3 Wrapper for package hooks (HO)
Package: xcolor-patch 2016/05/16 xcolor patch
Package: atveryend 2016/05/16 v1.9 Hooks at the very end of document (HO)
Package atveryend Info: \enddocument detected (standard20110627).
Package: atbegshi 2016/06/09 v1.18 At begin shipout hook (HO)
Package: refcount 2016/05/16 v3.5 Data extraction from label references (HO)
Package: hycolor 2016/05/16 v1.8 Color options for hyperref/bookmark (HO)
) (c:/texlive/2019/texmf-dist/tex/generic/ifxetex/ifxetex.sty
Package: ifxetex 2010/09/12 v0.6 Provides ifxetex conditional
) (c:/texlive/2019/texmf-dist/tex/latex/oberdiek/auxhook.sty
Package: auxhook 2016/05/16 v1.4 Hooks for auxiliary files (HO)
) (c:/texlive/2019/texmf-dist/tex/latex/oberdiek/kvoptions.sty
Package: kvoptions 2016/05/16 v3.12 Key value format for package options (HO)
)
\@linkdim=\dimen141
\Hy@linkcounter=\count189
\Hy@pagecounter=\count190
 (c:/texlive/2019/texmf-dist/tex/latex/hyperref/pd1enc.def
File: pd1enc.def 2019/09/28 v7.00a Hyperref: PDFDocEncoding definition (HO)
Now handling font encoding PD1 ...
... no UTF-8 mapping file for font encoding PD1
)
\Hy@SavedSpaceFactor=\count191
 (c:/texlive/2019/texmf-dist/tex/latex/latexconfig/hyperref.cfg
File: hyperref.cfg 2002/06/06 v1.2 hyperref configuration of TeXLive
)
Package hyperref Info: Hyper figures OFF on input line 4540.
Package hyperref Info: Link nesting OFF on input line 4545.
Package hyperref Info: Hyper index ON on input line 4548.
Package hyperref Info: Plain pages OFF on input line 4555.
Package hyperref Info: Backreferencing OFF on input line 4560.
Package hyperref Info: Implicit mode ON; LaTeX internals redefined.
Package hyperref Info: Bookmarks ON on input line 4793.
\c@Hy@tempcnt=\count192
 (c:/texlive/2019/texmf-dist/tex/latex/url/url.sty
\Urlmuskip=\muskip16
Package: url 2013/09/16  ver 3.4  Verb mode for urls, etc.
)
LaTeX Info: Redefining \url on input line 5152.
\XeTeXLinkMargin=\dimen142
\Fld@menulength=\count193
\Field@Width=\dimen143
\Fld@charsize=\dimen144
Package hyperref Info: Hyper figures OFF on input line 6423.
Package hyperref Info: Link nesting OFF on input line 6428.
Package hyperref Info: Hyper index ON on input line 6431.
Package hyperref Info: backreferencing OFF on input line 6438.
Package hyperref Info: Link coloring OFF on input line 6443.
Package hyperref Info: Link coloring with OCG OFF on input line 6448.
Package hyperref Info: PDF/A mode OFF on input line 6453.
LaTeX Info: Redefining \ref on input line 6493.
LaTeX Info: Redefining \pageref on input line 6497.
\Hy@abspage=\count194
\c@Item=\count195
\c@Hfootnote=\count196
)
Package hyperref Info: Driver (autodetected): hpdftex.
 (c:/texlive/2019/texmf-dist/tex/latex/hyperref/hpdftex.def
File: hpdftex.def 2019/09/28 v7.00a Hyperref driver for pdfTeX
\Fld@listcount=\count197
\c@bookmark@seq@number=\count198
 (c:/texlive/2019/texmf-dist/tex/latex/oberdiek/rerunfilecheck.sty
Package: rerunfilecheck 2016/05/16 v1.8 Rerun checks for auxiliary files (HO)
Package uniquecounter Info: New unique counter `rerunfilecheck' on input line 282.
)
\Hy@SectionHShift=\skip49
) (c:/Users/marco/OneDrive/94. OneNote/Git/SoftwareEngeneering2/PremiSicilianoTaddeo/RASD Working Folder/PremiSicilianoTaddeo/RASD Working Folder/Rasd.aux)
\openout1 = `Rasd.aux'.

LaTeX Font Info:    Checking defaults for OML/cmm/m/it on input line 15.
LaTeX Font Info:    ... okay on input line 15.
LaTeX Font Info:    Checking defaults for T1/cmr/m/n on input line 15.
LaTeX Font Info:    ... okay on input line 15.
LaTeX Font Info:    Checking defaults for OT1/cmr/m/n on input line 15.
LaTeX Font Info:    ... okay on input line 15.
LaTeX Font Info:    Checking defaults for OMS/cmsy/m/n on input line 15.
LaTeX Font Info:    ... okay on input line 15.
LaTeX Font Info:    Checking defaults for OMX/cmex/m/n on input line 15.
LaTeX Font Info:    ... okay on input line 15.
LaTeX Font Info:    Checking defaults for U/cmr/m/n on input line 15.
LaTeX Font Info:    ... okay on input line 15.
LaTeX Font Info:    Checking defaults for PD1/pdf/m/n on input line 15.
LaTeX Font Info:    ... okay on input line 15.
 (c:/texlive/2019/texmf-dist/tex/context/base/mkii/supp-pdf.mkii
[Loading MPS to PDF converter (version 2006.09.02).]
\scratchcounter=\count199
\scratchdimen=\dimen145
\scratchbox=\box50
\nofMPsegments=\count266
\nofMParguments=\count267
\everyMPshowfont=\toks18
\MPscratchCnt=\count268
\MPscratchDim=\dimen146
\MPnumerator=\count269
\makeMPintoPDFobject=\count270
\everyMPtoPDFconversion=\toks19
) (c:/texlive/2019/texmf-dist/tex/latex/oberdiek/epstopdf-base.sty
Package: epstopdf-base 2016/05/15 v2.6 Base part for package epstopdf
 (c:/texlive/2019/texmf-dist/tex/latex/oberdiek/grfext.sty
Package: grfext 2016/05/16 v1.2 Manage graphics extensions (HO)
)
Package epstopdf-base Info: Redefining graphics rule for `.eps' on input line 438.
Package grfext Info: Graphics extension search list:
(grfext)             [.pdf,.png,.jpg,.mps,.jpeg,.jbig2,.jb2,.PDF,.PNG,.JPG,.JPEG,.JBIG2,.JB2,.eps]
(grfext)             \AppendGraphicsExtensions on input line 456.
 (c:/texlive/2019/texmf-dist/tex/latex/latexconfig/epstopdf-sys.cfg
File: epstopdf-sys.cfg 2010/07/13 v1.3 Configuration of (r)epstopdf for TeX Live
))
\c@lstlisting=\count271
\AtBeginShipoutBox=\box51
Package hyperref Info: Link coloring OFF on input line 15.
 (c:/texlive/2019/texmf-dist/tex/latex/hyperref/nameref.sty
Package: nameref 2019/09/16 v2.46 Cross-referencing by name of section
 (c:/texlive/2019/texmf-dist/tex/generic/oberdiek/gettitlestring.sty
Package: gettitlestring 2016/05/16 v1.5 Cleanup title references (HO)
)
\c@section@level=\count272
)
LaTeX Info: Redefining \ref on input line 15.
LaTeX Info: Redefining \pageref on input line 15.
LaTeX Info: Redefining \nameref on input line 15.
 (c:/Users/marco/OneDrive/94. OneNote/Git/SoftwareEngeneering2/PremiSicilianoTaddeo/RASD Working Folder/PremiSicilianoTaddeo/RASD Working Folder/Rasd.out) (c:/Users/marco/OneDrive/94. OneNote/Git/SoftwareEngeneering2/PremiSicilianoTaddeo/RASD Working Folder/PremiSicilianoTaddeo/RASD Working Folder/Rasd.out)
\@outlinefile=\write3
\openout3 = `Rasd.out'.

<Images/logo_polimi.png, id=205, 211.79124pt x 106.3975pt>
File: Images/logo_polimi.png Graphic file (type png)
<use Images/logo_polimi.png>
Package pdftex.def Info: Images/logo_polimi.png  used on input line 17.
(pdftex.def)             Requested size: 172.5pt x 86.66205pt.
LaTeX Font Info:    External font `cmex10' loaded for size
(Font)              <20.74> on input line 19.
LaTeX Font Info:    External font `cmex10' loaded for size
(Font)              <14.4> on input line 19.
LaTeX Font Info:    External font `cmex10' loaded for size
(Font)              <12> on input line 19.


LaTeX Font Warning: Font shape `T1/cmr/m/n' in size <15> not available
(Font)              size <14.4> substituted on input line 28.


LaTeX Font Warning: Font shape `T1/cmr/bx/n' in size <15> not available
(Font)              size <14.4> substituted on input line 29.


LaTeX Font Warning: Font shape `T1/cmr/m/n' in size <20> not available
(Font)              size <20.74> substituted on input line 32.


LaTeX Font Warning: Font shape `T1/cmr/bx/n' in size <20> not available
(Font)              size <20.74> substituted on input line 33.

LaTeX Font Info:    Trying to load font information for T1+cmtt on input line 44.
(c:/texlive/2019/texmf-dist/tex/latex/base/t1cmtt.fd
File: t1cmtt.fd 2014/09/29 v2.5h Standard LaTeX font definitions
) [1{c:/texlive/2019/texmf-var/fonts/map/pdftex/updmap/pdftex.map}

 <c:/Users/marco/OneDrive/94. OneNote/Git/SoftwareEngeneering2/PremiSicilianoTaddeo/RASD Working Folder/PremiSicilianoTaddeo/RASD Working Folder/Images/logo_polimi.png>] (c:/Users/marco/OneDrive/94. OneNote/Git/SoftwareEngeneering2/PremiSicilianoTaddeo/RASD Working Folder/PremiSicilianoTaddeo/RASD Working Folder/Rasd.toc
LaTeX Font Info:    External font `cmex10' loaded for size
(Font)              <7> on input line 2.
LaTeX Font Info:    External font `cmex10' loaded for size
(Font)              <5> on input line 2.
 [2])
\tf@toc=\write4
\openout4 = `Rasd.toc'.

 [3]
Underfull \hbox (badness 10000) in paragraph at lines 54--81

 []


Underfull \hbox (badness 10000) in paragraph at lines 54--81

 []


Underfull \hbox (badness 10000) in paragraph at lines 54--81

 []

LaTeX Font Info:    Trying to load font information for OMS+cmr on input line 84.
(c:/texlive/2019/texmf-dist/tex/latex/base/omscmr.fd
File: omscmr.fd 2014/09/29 v2.5h Standard LaTeX font definitions
)
LaTeX Font Info:    Font shape `OMS/cmr/m/n' in size <10> not available
(Font)              Font shape `OMS/cmsy/m/n' tried instead on input line 84.
 [4] [5]
Overfull \hbox (16.9733pt too wide) in paragraph at lines 153--154
[]\T1/cmr/m/n/10 Alloy doc: http://alloy.lcs.mit.edu/alloy/documentation/quickguide/seq.html 
 []

[6]
Overfull \hbox (1.99998pt too wide) in paragraph at lines 163--168
 []\T1/cmr/bx/n/10 Chapter 2 - Over-all De-scrip-tion[] \T1/cmr/m/n/10 Of-fers an over-all de-scrip-tion of the project.
 []

[7]
Underfull \hbox (badness 10000) in paragraph at lines 192--224

 []


Underfull \hbox (badness 10000) in paragraph at lines 192--224

 []

<Images/umlmodel.png, id=320, 1597.97pt x 616.3025pt>
File: Images/umlmodel.png Graphic file (type png)
<use Images/umlmodel.png>
Package pdftex.def Info: Images/umlmodel.png  used on input line 227.
(pdftex.def)             Requested size: 607.23492pt x 234.19737pt.
[8]
Overfull \vbox (81.1789pt too high) has occurred while \output is active []

 [9 <c:/Users/marco/OneDrive/94. OneNote/Git/SoftwareEngeneering2/PremiSicilianoTaddeo/RASD Working Folder/PremiSicilianoTaddeo/RASD Working Folder/Images/umlmodel.png>]
Underfull \hbox (badness 10000) in paragraph at lines 231--240

 []

<Images/ActivityInputViolation.png, id=331, 985.6825pt x 342.27875pt>
File: Images/ActivityInputViolation.png Graphic file (type png)
<use Images/ActivityInputViolation.png>
Package pdftex.def Info: Images/ActivityInputViolation.png  used on input line 243.
(pdftex.def)             Requested size: 354.84543pt x 123.22025pt.

Overfull \hbox (9.84543pt too wide) in paragraph at lines 243--244
 [][] 
 []

<Images/ActivityCheckViolation.png, id=332, 984.67876pt x 414.54875pt>
File: Images/ActivityCheckViolation.png Graphic file (type png)
<use Images/ActivityCheckViolation.png>
Package pdftex.def Info: Images/ActivityCheckViolation.png  used on input line 260.
(pdftex.def)             Requested size: 354.48409pt x 149.23743pt.

Overfull \hbox (9.48409pt too wide) in paragraph at lines 260--261
 [][] 
 []

[10 <c:/Users/marco/OneDrive/94. OneNote/Git/SoftwareEngeneering2/PremiSicilianoTaddeo/RASD Working Folder/PremiSicilianoTaddeo/RASD Working Folder/Images/ActivityInputViolation.png>] [11 <c:/Users/marco/OneDrive/94. OneNote/Git/SoftwareEngeneering2/PremiSicilianoTaddeo/RASD Working Folder/PremiSicilianoTaddeo/RASD Working Folder/Images/ActivityCheckViolation.png>] [12] [13] [14]
<Images/SignUpAuthoritiesApp.png, id=360, 278.84175pt x 537.207pt>
File: Images/SignUpAuthoritiesApp.png Graphic file (type png)
<use Images/SignUpAuthoritiesApp.png>
Package pdftex.def Info: Images/SignUpAuthoritiesApp.png  used on input line 386.
(pdftex.def)             Requested size: 195.18788pt x 376.04233pt.
<Images/SignUpUtenteAPP.png, id=361, 281.25075pt x 545.03625pt>
File: Images/SignUpUtenteAPP.png Graphic file (type png)
<use Images/SignUpUtenteAPP.png>
Package pdftex.def Info: Images/SignUpUtenteAPP.png  used on input line 391.
(pdftex.def)             Requested size: 196.87416pt x 381.52278pt.
<Images/SignInAPP.png, id=362, 266.79675pt x 541.42274pt>
File: Images/SignInAPP.png Graphic file (type png)
<use Images/SignInAPP.png>
Package pdftex.def Info: Images/SignInAPP.png  used on input line 396.
(pdftex.def)             Requested size: 186.75644pt x 378.99333pt.
 [15 <c:/Users/marco/OneDrive/94. OneNote/Git/SoftwareEngeneering2/PremiSicilianoTaddeo/RASD Working Folder/PremiSicilianoTaddeo/RASD Working Folder/Images/SignUpAuthoritiesApp.png>]
<Images/MenuAPP.png, id=369, 371.13657pt x 683.55376pt>
File: Images/MenuAPP.png Graphic file (type png)
<use Images/MenuAPP.png>
Package pdftex.def Info: Images/MenuAPP.png  used on input line 401.
(pdftex.def)             Requested size: 259.79381pt x 478.48438pt.
 [16 <c:/Users/marco/OneDrive/94. OneNote/Git/SoftwareEngeneering2/PremiSicilianoTaddeo/RASD Working Folder/PremiSicilianoTaddeo/RASD Working Folder/Images/SignUpUtenteAPP.png>]
<Images/SignalAViolationAPP.png, id=376, 264.38776pt x 545.03625pt>
File: Images/SignalAViolationAPP.png Graphic file (type png)
<use Images/SignalAViolationAPP.png>
Package pdftex.def Info: Images/SignalAViolationAPP.png  used on input line 406.
(pdftex.def)             Requested size: 185.07016pt x 381.52278pt.
 [17 <c:/Users/marco/OneDrive/94. OneNote/Git/SoftwareEngeneering2/PremiSicilianoTaddeo/RASD Working Folder/PremiSicilianoTaddeo/RASD Working Folder/Images/SignInAPP.png>]
<Images/UnsafeAreaAnalysisAPP.png, id=383, 279.444pt x 543.2295pt>
File: Images/UnsafeAreaAnalysisAPP.png Graphic file (type png)
<use Images/UnsafeAreaAnalysisAPP.png>
Package pdftex.def Info: Images/UnsafeAreaAnalysisAPP.png  used on input line 411.
(pdftex.def)             Requested size: 195.60947pt x 380.25806pt.
 [18 <c:/Users/marco/OneDrive/94. OneNote/Git/SoftwareEngeneering2/PremiSicilianoTaddeo/RASD Working Folder/PremiSicilianoTaddeo/RASD Working Folder/Images/MenuAPP.png>]
<Images/MenuOfficerAPP.png, id=390, 347.79938pt x 685.8122pt>
File: Images/MenuOfficerAPP.png Graphic file (type png)
<use Images/MenuOfficerAPP.png>
Package pdftex.def Info: Images/MenuOfficerAPP.png  used on input line 416.
(pdftex.def)             Requested size: 243.4579pt x 480.06528pt.
 [19 <c:/Users/marco/OneDrive/94. OneNote/Git/SoftwareEngeneering2/PremiSicilianoTaddeo/RASD Working Folder/PremiSicilianoTaddeo/RASD Working Folder/Images/SignalAViolationAPP.png>]
<Images/ViolationsAPP.png, id=398, 376.40625pt x 694.09312pt>
File: Images/ViolationsAPP.png Graphic file (type png)
<use Images/ViolationsAPP.png>
Package pdftex.def Info: Images/ViolationsAPP.png  used on input line 421.
(pdftex.def)             Requested size: 263.48257pt x 485.86188pt.
 [20 <c:/Users/marco/OneDrive/94. OneNote/Git/SoftwareEngeneering2/PremiSicilianoTaddeo/RASD Working Folder/PremiSicilianoTaddeo/RASD Working Folder/Images/UnsafeAreaAnalysisAPP.png>]
<Images/WEBSignUp.png, id=405, 828.84656pt x 569.87906pt>
File: Images/WEBSignUp.png Graphic file (type png)
<use Images/WEBSignUp.png>
Package pdftex.def Info: Images/WEBSignUp.png  used on input line 426.
(pdftex.def)             Requested size: 290.10063pt x 199.46065pt.
 [21 <c:/Users/marco/OneDrive/94. OneNote/Git/SoftwareEngeneering2/PremiSicilianoTaddeo/RASD Working Folder/PremiSicilianoTaddeo/RASD Working Folder/Images/MenuOfficerAPP.png>]
<Images/WEBSignIn.png, id=412, 818.30719pt x 567.62062pt>
File: Images/WEBSignIn.png Graphic file (type png)
<use Images/WEBSignIn.png>
Package pdftex.def Info: Images/WEBSignIn.png  used on input line 431.
(pdftex.def)             Requested size: 286.4118pt x 198.67018pt.
 [22 <c:/Users/marco/OneDrive/94. OneNote/Git/SoftwareEngeneering2/PremiSicilianoTaddeo/RASD Working Folder/PremiSicilianoTaddeo/RASD Working Folder/Images/ViolationsAPP.png>]
<Images/WEBViolations.png, id=419, 846.91406pt x 579.66562pt>
File: Images/WEBViolations.png Graphic file (type png)
<use Images/WEBViolations.png>
Package pdftex.def Info: Images/WEBViolations.png  used on input line 436.
(pdftex.def)             Requested size: 296.42436pt x 202.886pt.
<Images/WEBViolationChecking.png, id=420, 832.61063pt x 575.14874pt>
File: Images/WEBViolationChecking.png Graphic file (type png)
<use Images/WEBViolationChecking.png>
Package pdftex.def Info: Images/WEBViolationChecking.png  used on input line 441.
(pdftex.def)             Requested size: 291.41808pt x 201.30507pt.
 [23 <c:/Users/marco/OneDrive/94. OneNote/Git/SoftwareEngeneering2/PremiSicilianoTaddeo/RASD Working Folder/PremiSicilianoTaddeo/RASD Working Folder/Images/WEBSignUp.png> <c:/Users/marco/OneDrive/94. OneNote/Git/SoftwareEngeneering2/PremiSicilianoTaddeo/RASD Working Folder/PremiSicilianoTaddeo/RASD Working Folder/Images/WEBSignIn.png>]
<Images/WEBUnsafeAreas.png, id=429, 828.84656pt x 579.66562pt>
File: Images/WEBUnsafeAreas.png Graphic file (type png)
<use Images/WEBUnsafeAreas.png>
Package pdftex.def Info: Images/WEBUnsafeAreas.png  used on input line 446.
(pdftex.def)             Requested size: 290.10063pt x 202.886pt.
 [24 <c:/Users/marco/OneDrive/94. OneNote/Git/SoftwareEngeneering2/PremiSicilianoTaddeo/RASD Working Folder/PremiSicilianoTaddeo/RASD Working Folder/Images/WEBViolations.png> <c:/Users/marco/OneDrive/94. OneNote/Git/SoftwareEngeneering2/PremiSicilianoTaddeo/RASD Working Folder/PremiSicilianoTaddeo/RASD Working Folder/Images/WEBViolationChecking.png>] [25 <c:/Users/marco/OneDrive/94. OneNote/Git/SoftwareEngeneering2/PremiSicilianoTaddeo/RASD Working Folder/PremiSicilianoTaddeo/RASD Working Folder/Images/WEBUnsafeAreas.png>] [26]
Underfull \hbox (badness 10000) in paragraph at lines 506--508

 []

[27]
<Images/SequenceReportViolation.png, id=455, 820.06375pt x 815.045pt>
File: Images/SequenceReportViolation.png Graphic file (type png)
<use Images/SequenceReportViolation.png>
Package pdftex.def Info: Images/SequenceReportViolation.png  used on input line 537.
(pdftex.def)             Requested size: 369.02528pt x 366.76686pt.

Overfull \hbox (24.02528pt too wide) in paragraph at lines 537--538
 [][] 
 []


Underfull \hbox (badness 10000) in paragraph at lines 534--539

 []

<Images/SequenceUserAnalyseUnsafeAreas.png, id=456, 653.44125pt x 633.36626pt>
File: Images/SequenceUserAnalyseUnsafeAreas.png Graphic file (type png)
<use Images/SequenceUserAnalyseUnsafeAreas.png>
Package pdftex.def Info: Images/SequenceUserAnalyseUnsafeAreas.png  used on input line 543.
(pdftex.def)             Requested size: 326.71982pt x 316.68236pt.
[28 <c:/Users/marco/OneDrive/94. OneNote/Git/SoftwareEngeneering2/PremiSicilianoTaddeo/RASD Working Folder/PremiSicilianoTaddeo/RASD Working Folder/Images/SequenceReportViolation.png>] [29 <c:/Users/marco/OneDrive/94. OneNote/Git/SoftwareEngeneering2/PremiSicilianoTaddeo/RASD Working Folder/PremiSicilianoTaddeo/RASD Working Folder/Images/SequenceUserAnalyseUnsafeAreas.png>]
Underfull \hbox (badness 10000) in paragraph at lines 559--561

 []

[30]
<Images/SequenceThirdPartyCheckViolation.png, id=475, 753.81625pt x 783.92876pt>
File: Images/SequenceThirdPartyCheckViolation.png Graphic file (type png)
<use Images/SequenceThirdPartyCheckViolation.png>
Package pdftex.def Info: Images/SequenceThirdPartyCheckViolation.png  used on input line 590.
(pdftex.def)             Requested size: 354.29369pt x 368.44656pt.

Overfull \hbox (9.29369pt too wide) in paragraph at lines 590--591
 [][] 
 []


Underfull \hbox (badness 10000) in paragraph at lines 587--592

 []

<Images/SequenceThirdPartyUnsafeAreas.png, id=476, 763.85374pt x 693.59125pt>
File: Images/SequenceThirdPartyUnsafeAreas.png Graphic file (type png)
<use Images/SequenceThirdPartyUnsafeAreas.png>
Package pdftex.def Info: Images/SequenceThirdPartyUnsafeAreas.png  used on input line 596.
(pdftex.def)             Requested size: 359.0113pt x 325.98793pt.

Overfull \hbox (14.0113pt too wide) in paragraph at lines 596--597
 [][] 
 []

[31 <c:/Users/marco/OneDrive/94. OneNote/Git/SoftwareEngeneering2/PremiSicilianoTaddeo/RASD Working Folder/PremiSicilianoTaddeo/RASD Working Folder/Images/SequenceThirdPartyCheckViolation.png>]
<Images/UseCaseUserView.png, id=485, 687.56876pt x 553.06625pt>
File: Images/UseCaseUserView.png Graphic file (type png)
<use Images/UseCaseUserView.png>
Package pdftex.def Info: Images/UseCaseUserView.png  used on input line 605.
(pdftex.def)             Requested size: 343.78354pt x 276.53244pt.
 [32 <c:/Users/marco/OneDrive/94. OneNote/Git/SoftwareEngeneering2/PremiSicilianoTaddeo/RASD Working Folder/PremiSicilianoTaddeo/RASD Working Folder/Images/SequenceThirdPartyUnsafeAreas.png>]
Underfull \hbox (badness 10000) in paragraph at lines 612--612

 []


Underfull \hbox (badness 10000) in paragraph at lines 613--613

 []


Underfull \hbox (badness 10000) in paragraph at lines 614--615

 []


Underfull \hbox (badness 10000) in paragraph at lines 623--624

 []


Underfull \hbox (badness 10000) in paragraph at lines 626--628

 []


Underfull \hbox (badness 10000) in paragraph at lines 633--634

 []

[33 <c:/Users/marco/OneDrive/94. OneNote/Git/SoftwareEngeneering2/PremiSicilianoTaddeo/RASD Working Folder/PremiSicilianoTaddeo/RASD Working Folder/Images/UseCaseUserView.png>]
Underfull \hbox (badness 10000) in paragraph at lines 641--641

 []


Underfull \hbox (badness 10000) in paragraph at lines 643--643

 []


Underfull \hbox (badness 10000) in paragraph at lines 647--648

 []


Underfull \hbox (badness 10000) in paragraph at lines 655--656

 []


Underfull \hbox (badness 10000) in paragraph at lines 658--659

 []


Underfull \hbox (badness 10000) in paragraph at lines 664--665

 []

[34]
Underfull \hbox (badness 10000) in paragraph at lines 674--674

 []


Underfull \hbox (badness 10000) in paragraph at lines 675--675

 []


Underfull \hbox (badness 10000) in paragraph at lines 676--677

 []


Underfull \hbox (badness 10000) in paragraph at lines 686--687

 []


Underfull \hbox (badness 10000) in paragraph at lines 689--690

 []


Underfull \hbox (badness 10000) in paragraph at lines 694--695

 []

[35]
Underfull \hbox (badness 10000) in paragraph at lines 704--705

 []


Underfull \hbox (badness 10000) in paragraph at lines 706--706

 []


Underfull \hbox (badness 10000) in paragraph at lines 707--708

 []


Underfull \hbox (badness 10000) in paragraph at lines 714--716

 []


Underfull \hbox (badness 10000) in paragraph at lines 718--719

 []


Underfull \hbox (badness 10000) in paragraph at lines 722--723

 []


Underfull \hbox (badness 10000) in paragraph at lines 731--731

 []


Underfull \hbox (badness 10000) in paragraph at lines 732--732

 []


Underfull \hbox (badness 10000) in paragraph at lines 733--734

 []


Underfull \hbox (badness 10000) in paragraph at lines 740--741

 []


Underfull \hbox (badness 10000) in paragraph at lines 743--744

 []


Underfull \hbox (badness 10000) in paragraph at lines 746--747

 []

[36]
Underfull \hbox (badness 10000) in paragraph at lines 754--755

 []


Underfull \hbox (badness 10000) in paragraph at lines 756--756

 []


Underfull \hbox (badness 10000) in paragraph at lines 757--758

 []


Underfull \hbox (badness 10000) in paragraph at lines 764--766

 []


Underfull \hbox (badness 10000) in paragraph at lines 768--769

 []


Underfull \hbox (badness 10000) in paragraph at lines 771--772

 []

<Images/UseCaseThirdPartyView.png, id=539, 689.57625pt x 553.06625pt>
File: Images/UseCaseThirdPartyView.png Graphic file (type png)
<use Images/UseCaseThirdPartyView.png>
Package pdftex.def Info: Images/UseCaseThirdPartyView.png  used on input line 780.
(pdftex.def)             Requested size: 344.78728pt x 276.53244pt.
[37]
Underfull \hbox (badness 10000) in paragraph at lines 787--787

 []


Underfull \hbox (badness 10000) in paragraph at lines 789--789

 []


Underfull \hbox (badness 10000) in paragraph at lines 791--792

 []


Underfull \hbox (badness 10000) in paragraph at lines 802--803

 []


Underfull \hbox (badness 10000) in paragraph at lines 805--807

 []


Underfull \hbox (badness 10000) in paragraph at lines 815--817

 []

[38 <c:/Users/marco/OneDrive/94. OneNote/Git/SoftwareEngeneering2/PremiSicilianoTaddeo/RASD Working Folder/PremiSicilianoTaddeo/RASD Working Folder/Images/UseCaseThirdPartyView.png>]
Underfull \hbox (badness 10000) in paragraph at lines 825--825

 []


Underfull \hbox (badness 10000) in paragraph at lines 827--827

 []


Underfull \hbox (badness 10000) in paragraph at lines 829--830

 []


Underfull \hbox (badness 10000) in paragraph at lines 838--839

 []


Underfull \hbox (badness 10000) in paragraph at lines 841--842

 []


Underfull \hbox (badness 10000) in paragraph at lines 848--849

 []

[39]
Underfull \hbox (badness 10000) in paragraph at lines 857--858

 []


Underfull \hbox (badness 10000) in paragraph at lines 859--859

 []


Underfull \hbox (badness 10000) in paragraph at lines 861--862

 []


Underfull \hbox (badness 10000) in paragraph at lines 868--870

 []


Underfull \hbox (badness 10000) in paragraph at lines 872--873

 []


Underfull \hbox (badness 10000) in paragraph at lines 882--883

 []


Underfull \hbox (badness 10000) in paragraph at lines 884--884

 []


Underfull \hbox (badness 10000) in paragraph at lines 886--887

 []


Underfull \hbox (badness 10000) in paragraph at lines 901--903

 []


Underfull \hbox (badness 10000) in paragraph at lines 905--906

 []


Underfull \hbox (badness 10000) in paragraph at lines 908--909

 []

[40]
Underfull \hbox (badness 10000) in paragraph at lines 916--917

 []


Underfull \hbox (badness 10000) in paragraph at lines 918--918

 []


Underfull \hbox (badness 10000) in paragraph at lines 920--921

 []


Underfull \hbox (badness 10000) in paragraph at lines 927--929

 []


Underfull \hbox (badness 10000) in paragraph at lines 931--932

 []


Underfull \hbox (badness 10000) in paragraph at lines 934--935

 []

[41]
Underfull \hbox (badness 10000) in paragraph at lines 943--943

 []


Underfull \hbox (badness 10000) in paragraph at lines 944--945

 []


Underfull \hbox (badness 10000) in paragraph at lines 946--947

 []


Underfull \hbox (badness 10000) in paragraph at lines 957--958

 []


Underfull \hbox (badness 10000) in paragraph at lines 960--961

 []


Underfull \hbox (badness 10000) in paragraph at lines 966--967

 []

[42] [43]
Overfull \hbox (16.59729pt too wide) in paragraph at lines 988--990
[]\T1/cmr/m/n/10 must be able to make HTTPS re-quests (con-nec-tion to in-ter-net 4G/3G/2G/Wi-
 []

[44] [45] (c:/Users/marco/OneDrive/94. OneNote/Git/SoftwareEngeneering2/PremiSicilianoTaddeo/RASD Working Folder/PremiSicilianoTaddeo/RASD Working Folder/RASD.als [46] [47] [48] [49] [50] [51] [52] [53] [54]) [55]
<Images/Alloy-Assertions.png, id=1016, 348.55219pt x 306.39468pt>
File: Images/Alloy-Assertions.png Graphic file (type png)
<use Images/Alloy-Assertions.png>
Package pdftex.def Info: Images/Alloy-Assertions.png  used on input line 1029.
(pdftex.def)             Requested size: 348.55132pt x 306.39394pt.

Overfull \hbox (3.55132pt too wide) in paragraph at lines 1029--1030
 [][] 
 []

<Images/Alloy-World1.png, id=1017, 2367.84625pt x 1090.0725pt>
File: Images/Alloy-World1.png Graphic file (type png)
<use Images/Alloy-World1.png>
Package pdftex.def Info: Images/Alloy-World1.png  used on input line 1034.
(pdftex.def)             Requested size: 2367.8405pt x 1090.06984pt.

Overfull \hbox (178.22885pt too wide) in paragraph at lines 1034--1035
 [][] 
 []

<Images/Alloy-World2.png, id=1018, 2336.73pt x 867.24pt>
File: Images/Alloy-World2.png Graphic file (type png)
<use Images/Alloy-World2.png>
Package pdftex.def Info: Images/Alloy-World2.png  used on input line 1039.
(pdftex.def)             Requested size: 2336.72432pt x 867.2379pt.
[56 <c:/Users/marco/OneDrive/94. OneNote/Git/SoftwareEngeneering2/PremiSicilianoTaddeo/RASD Working Folder/PremiSicilianoTaddeo/RASD Working Folder/Images/Alloy-Assertions.png>]
Overfull \vbox (610.49728pt too high) has occurred while \output is active []

 [57 <c:/Users/marco/OneDrive/94. OneNote/Git/SoftwareEngeneering2/PremiSicilianoTaddeo/RASD Working Folder/PremiSicilianoTaddeo/RASD Working Folder/Images/Alloy-World1.png (PNG copy)>]
<Images/Alloy-World3.png, id=1029, 2640.86626pt x 916.42375pt>
File: Images/Alloy-World3.png Graphic file (type png)
<use Images/Alloy-World3.png>
Package pdftex.def Info: Images/Alloy-World3.png  used on input line 1044.
(pdftex.def)             Requested size: 2640.85983pt x 916.42152pt.

Overfull \vbox (291.81174pt too high) has occurred while \output is active []

 [58 <c:/Users/marco/OneDrive/94. OneNote/Git/SoftwareEngeneering2/PremiSicilianoTaddeo/RASD Working Folder/PremiSicilianoTaddeo/RASD Working Folder/Images/Alloy-World2.png (PNG copy)>]
<Images/Alloy-World4.png, id=1035, 2908.8675pt x 682.55pt>
File: Images/Alloy-World4.png Graphic file (type png)
<use Images/Alloy-World4.png>
Package pdftex.def Info: Images/Alloy-World4.png  used on input line 1049.
(pdftex.def)             Requested size: 2908.86043pt x 682.54834pt.
 [59 <c:/Users/marco/OneDrive/94. OneNote/Git/SoftwareEngeneering2/PremiSicilianoTaddeo/RASD Working Folder/PremiSicilianoTaddeo/RASD Working Folder/Images/Alloy-World3.png (PNG copy)>]
Overfull \vbox (201.15907pt too high) has occurred while \output is active []

 [60 <c:/Users/marco/OneDrive/94. OneNote/Git/SoftwareEngeneering2/PremiSicilianoTaddeo/RASD Working Folder/PremiSicilianoTaddeo/RASD Working Folder/Images/Alloy-World4.png (PNG copy)>]
Package atveryend Info: Empty hook `BeforeClearDocument' on input line 1072.
 [61]
Package atveryend Info: Empty hook `AfterLastShipout' on input line 1072.
 (c:/Users/marco/OneDrive/94. OneNote/Git/SoftwareEngeneering2/PremiSicilianoTaddeo/RASD Working Folder/PremiSicilianoTaddeo/RASD Working Folder/Rasd.aux)
Package atveryend Info: Executing hook `AtVeryEndDocument' on input line 1072.
Package atveryend Info: Executing hook `AtEndAfterFileList' on input line 1072.
Package rerunfilecheck Info: File `Rasd.out' has not changed.
(rerunfilecheck)             Checksum: F6D773B145F62A3A52286B5418E71368;3627.


LaTeX Font Warning: Size substitutions with differences
(Font)              up to 0.74pt have occurred.

Package atveryend Info: Empty hook `AtVeryVeryEnd' on input line 1072.
 ) 
Here is how much of TeX's memory you used:
 18586 strings out of 492167
 325735 string characters out of 6129158
 527168 words of memory out of 5000000
 22259 multiletter control sequences out of 15000+600000
 543833 words of font info for 45 fonts, out of 8000000 for 9000
 1141 hyphenation exceptions out of 8191
 44i,11n,67p,401b,2032s stack positions out of 5000i,500n,10000p,200000b,80000s
{c:/texlive/2019/texmf-dist/fonts/enc/dvips/cm-super/cm-super-t1.enc}<c:/texlive/2019/texmf-dist/fonts/type1/public/amsfonts/cm/cmmi10.pfb><c:/texlive/2019/texmf-dist/fonts/type1/public/amsfonts/cm/cmr10.pfb><c:/texlive/2019/texmf-dist/fonts/type1/public/amsfonts/cm/cmsy10.pfb><c:/texlive/2019/texmf-dist/fonts/type1/public/cm-super/sfbx1000.pfb><c:/texlive/2019/texmf-dist/fonts/type1/public/cm-super/sfbx1200.pfb><c:/texlive/2019/texmf-dist/fonts/type1/public/cm-super/sfbx1440.pfb><c:/texlive/2019/texmf-dist/fonts/type1/public/cm-super/sfbx2074.pfb><c:/texlive/2019/texmf-dist/fonts/type1/public/cm-super/sfrm1000.pfb><c:/texlive/2019/texmf-dist/fonts/type1/public/cm-super/sfrm1440.pfb><c:/texlive/2019/texmf-dist/fonts/type1/public/cm-super/sfsl1000.pfb><c:/texlive/2019/texmf-dist/fonts/type1/public/cm-super/sfti1000.pfb><c:/texlive/2019/texmf-dist/fonts/type1/public/cm-super/sftt0900.pfb>
Output written on "c:/Users/marco/OneDrive/94. OneNote/Git/SoftwareEngeneering2/PremiSicilianoTaddeo/RASD Working Folder/PremiSicilianoTaddeo/RASD Working Folder/Rasd.pdf" (61 pages, 3091106 bytes).
PDF statistics:
 1215 PDF objects out of 1440 (max. 8388607)
 1078 compressed objects within 11 object streams
 581 named destinations out of 1000 (max. 500000)
 541 words of extra memory for PDF output out of 10000 (max. 10000000)

